<?xml version="1.0" encoding="UTF-8" standalone="no"?>
<testsuite errors="0" failures="0" name="io.cucumber.core.plugin.JUnitFormatter" skipped="1" tests="1" time="0.981">
<testcase classname="Go to the account settings on amazon aws" name="go to account settings on amazon aws" time="0.016">
<skipped><![CDATA[Given into to the webside http://aws.amazon.com/en/.........................undefined
When into to the menu.......................................................undefined
And into to the My account..................................................undefined
Then show me aws login......................................................undefined
]]></skipped>
</testcase>
</testsuite>
